Invoking command in '/home/civil/mcav_autonomy/ros2-ebrake-tutorial/simulation_launch': PYTHONPATH=/home/civil/mcav_autonomy/ros2-ebrake-tutorial/install/simulation_launch/lib/python3.6/site-packages: /usr/bin/python3 setup.py egg_info --egg-base /home/civil/mcav_autonomy/ros2-ebrake-tutorial/build/simulation_launch build --build-base /home/civil/mcav_autonomy/ros2-ebrake-tutorial/build/simulation_launch/build install --prefix /home/civil/mcav_autonomy/ros2-ebrake-tutorial/install/simulation_launch --record /home/civil/mcav_autonomy/ros2-ebrake-tutorial/build/simulation_launch/install.log --single-version-externally-managed bdist_egg --dist-dir /home/civil/mcav_autonomy/ros2-ebrake-tutorial/build/simulation_launch/dist
running egg_info
creating /home/civil/mcav_autonomy/ros2-ebrake-tutorial/build/simulation_launch/simulation_launch.egg-info
writing /home/civil/mcav_autonomy/ros2-ebrake-tutorial/build/simulation_launch/simulation_launch.egg-info/PKG-INFO
writing dependency_links to /home/civil/mcav_autonomy/ros2-ebrake-tutorial/build/simulation_launch/simulation_launch.egg-info/dependency_links.txt
writing entry points to /home/civil/mcav_autonomy/ros2-ebrake-tutorial/build/simulation_launch/simulation_launch.egg-info/entry_points.txt
writing requirements to /home/civil/mcav_autonomy/ros2-ebrake-tutorial/build/simulation_launch/simulation_launch.egg-info/requires.txt
writing top-level names to /home/civil/mcav_autonomy/ros2-ebrake-tutorial/build/simulation_launch/simulation_launch.egg-info/top_level.txt
writing manifest file '/home/civil/mcav_autonomy/ros2-ebrake-tutorial/build/simulation_launch/simulation_launch.egg-info/SOURCES.txt'
reading manifest file '/home/civil/mcav_autonomy/ros2-ebrake-tutorial/build/simulation_launch/simulation_launch.egg-info/SOURCES.txt'
writing manifest file '/home/civil/mcav_autonomy/ros2-ebrake-tutorial/build/simulation_launch/simulation_launch.egg-info/SOURCES.txt'
running build
running build_py
creating /home/civil/mcav_autonomy/ros2-ebrake-tutorial/build/simulation_launch/build
creating /home/civil/mcav_autonomy/ros2-ebrake-tutorial/build/simulation_launch/build/lib
creating /home/civil/mcav_autonomy/ros2-ebrake-tutorial/build/simulation_launch/build/lib/simulation_launch
copying simulation_launch/__init__.py -> /home/civil/mcav_autonomy/ros2-ebrake-tutorial/build/simulation_launch/build/lib/simulation_launch
running install
running install_lib
creating /home/civil/mcav_autonomy/ros2-ebrake-tutorial/install/simulation_launch/lib/python3.6/site-packages/simulation_launch
copying /home/civil/mcav_autonomy/ros2-ebrake-tutorial/build/simulation_launch/build/lib/simulation_launch/__init__.py -> /home/civil/mcav_autonomy/ros2-ebrake-tutorial/install/simulation_launch/lib/python3.6/site-packages/simulation_launch
byte-compiling /home/civil/mcav_autonomy/ros2-ebrake-tutorial/install/simulation_launch/lib/python3.6/site-packages/simulation_launch/__init__.py to __init__.cpython-36.pyc
running install_data
creating /home/civil/mcav_autonomy/ros2-ebrake-tutorial/install/simulation_launch/share/ament_index
creating /home/civil/mcav_autonomy/ros2-ebrake-tutorial/install/simulation_launch/share/ament_index/resource_index
creating /home/civil/mcav_autonomy/ros2-ebrake-tutorial/install/simulation_launch/share/ament_index/resource_index/packages
copying resource/simulation_launch -> /home/civil/mcav_autonomy/ros2-ebrake-tutorial/install/simulation_launch/share/ament_index/resource_index/packages
copying package.xml -> /home/civil/mcav_autonomy/ros2-ebrake-tutorial/install/simulation_launch/share/simulation_launch
creating /home/civil/mcav_autonomy/ros2-ebrake-tutorial/install/simulation_launch/share/simulation_launch/launch
copying launch/gazebo_playground.launch.xml -> /home/civil/mcav_autonomy/ros2-ebrake-tutorial/install/simulation_launch/share/simulation_launch/launch
copying config/gazebo_topics.yaml -> /home/civil/mcav_autonomy/ros2-ebrake-tutorial/install/simulation_launch/share/simulation_launch
copying config/lidar_playground.sdf -> /home/civil/mcav_autonomy/ros2-ebrake-tutorial/install/simulation_launch/share/simulation_launch
running install_egg_info
Copying /home/civil/mcav_autonomy/ros2-ebrake-tutorial/build/simulation_launch/simulation_launch.egg-info to /home/civil/mcav_autonomy/ros2-ebrake-tutorial/install/simulation_launch/lib/python3.6/site-packages/simulation_launch-0.0.0-py3.6.egg-info
running install_scripts
writing list of installed files to '/home/civil/mcav_autonomy/ros2-ebrake-tutorial/build/simulation_launch/install.log'
running bdist_egg
installing library code to /home/civil/mcav_autonomy/ros2-ebrake-tutorial/build/simulation_launch/build/bdist.linux-x86_64/egg
running install_lib
creating /home/civil/mcav_autonomy/ros2-ebrake-tutorial/build/simulation_launch/build/bdist.linux-x86_64
creating /home/civil/mcav_autonomy/ros2-ebrake-tutorial/build/simulation_launch/build/bdist.linux-x86_64/egg
creating /home/civil/mcav_autonomy/ros2-ebrake-tutorial/build/simulation_launch/build/bdist.linux-x86_64/egg/simulation_launch
copying /home/civil/mcav_autonomy/ros2-ebrake-tutorial/build/simulation_launch/build/lib/simulation_launch/__init__.py -> /home/civil/mcav_autonomy/ros2-ebrake-tutorial/build/simulation_launch/build/bdist.linux-x86_64/egg/simulation_launch
byte-compiling /home/civil/mcav_autonomy/ros2-ebrake-tutorial/build/simulation_launch/build/bdist.linux-x86_64/egg/simulation_launch/__init__.py to __init__.cpython-36.pyc
installing package data to /home/civil/mcav_autonomy/ros2-ebrake-tutorial/build/simulation_launch/build/bdist.linux-x86_64/egg
running install_data
creating /home/civil/mcav_autonomy/ros2-ebrake-tutorial/build/simulation_launch/build/bdist.linux-x86_64/egg/share
creating /home/civil/mcav_autonomy/ros2-ebrake-tutorial/build/simulation_launch/build/bdist.linux-x86_64/egg/share/ament_index
creating /home/civil/mcav_autonomy/ros2-ebrake-tutorial/build/simulation_launch/build/bdist.linux-x86_64/egg/share/ament_index/resource_index
creating /home/civil/mcav_autonomy/ros2-ebrake-tutorial/build/simulation_launch/build/bdist.linux-x86_64/egg/share/ament_index/resource_index/packages
copying resource/simulation_launch -> /home/civil/mcav_autonomy/ros2-ebrake-tutorial/build/simulation_launch/build/bdist.linux-x86_64/egg/share/ament_index/resource_index/packages
creating /home/civil/mcav_autonomy/ros2-ebrake-tutorial/build/simulation_launch/build/bdist.linux-x86_64/egg/share/simulation_launch
copying package.xml -> /home/civil/mcav_autonomy/ros2-ebrake-tutorial/build/simulation_launch/build/bdist.linux-x86_64/egg/share/simulation_launch
creating /home/civil/mcav_autonomy/ros2-ebrake-tutorial/build/simulation_launch/build/bdist.linux-x86_64/egg/share/simulation_launch/launch
copying launch/gazebo_playground.launch.xml -> /home/civil/mcav_autonomy/ros2-ebrake-tutorial/build/simulation_launch/build/bdist.linux-x86_64/egg/share/simulation_launch/launch
copying config/gazebo_topics.yaml -> /home/civil/mcav_autonomy/ros2-ebrake-tutorial/build/simulation_launch/build/bdist.linux-x86_64/egg/share/simulation_launch
copying config/lidar_playground.sdf -> /home/civil/mcav_autonomy/ros2-ebrake-tutorial/build/simulation_launch/build/bdist.linux-x86_64/egg/share/simulation_launch
creating /home/civil/mcav_autonomy/ros2-ebrake-tutorial/build/simulation_launch/build/bdist.linux-x86_64/egg/EGG-INFO
copying /home/civil/mcav_autonomy/ros2-ebrake-tutorial/build/simulation_launch/simulation_launch.egg-info/PKG-INFO -> /home/civil/mcav_autonomy/ros2-ebrake-tutorial/build/simulation_launch/build/bdist.linux-x86_64/egg/EGG-INFO
copying /home/civil/mcav_autonomy/ros2-ebrake-tutorial/build/simulation_launch/simulation_launch.egg-info/SOURCES.txt -> /home/civil/mcav_autonomy/ros2-ebrake-tutorial/build/simulation_launch/build/bdist.linux-x86_64/egg/EGG-INFO
copying /home/civil/mcav_autonomy/ros2-ebrake-tutorial/build/simulation_launch/simulation_launch.egg-info/dependency_links.txt -> /home/civil/mcav_autonomy/ros2-ebrake-tutorial/build/simulation_launch/build/bdist.linux-x86_64/egg/EGG-INFO
copying /home/civil/mcav_autonomy/ros2-ebrake-tutorial/build/simulation_launch/simulation_launch.egg-info/entry_points.txt -> /home/civil/mcav_autonomy/ros2-ebrake-tutorial/build/simulation_launch/build/bdist.linux-x86_64/egg/EGG-INFO
copying /home/civil/mcav_autonomy/ros2-ebrake-tutorial/build/simulation_launch/simulation_launch.egg-info/requires.txt -> /home/civil/mcav_autonomy/ros2-ebrake-tutorial/build/simulation_launch/build/bdist.linux-x86_64/egg/EGG-INFO
copying /home/civil/mcav_autonomy/ros2-ebrake-tutorial/build/simulation_launch/simulation_launch.egg-info/top_level.txt -> /home/civil/mcav_autonomy/ros2-ebrake-tutorial/build/simulation_launch/build/bdist.linux-x86_64/egg/EGG-INFO
copying /home/civil/mcav_autonomy/ros2-ebrake-tutorial/build/simulation_launch/simulation_launch.egg-info/zip-safe -> /home/civil/mcav_autonomy/ros2-ebrake-tutorial/build/simulation_launch/build/bdist.linux-x86_64/egg/EGG-INFO
creating /home/civil/mcav_autonomy/ros2-ebrake-tutorial/build/simulation_launch/dist
creating '/home/civil/mcav_autonomy/ros2-ebrake-tutorial/build/simulation_launch/dist/simulation_launch-0.0.0-py3.6.egg' and adding '/home/civil/mcav_autonomy/ros2-ebrake-tutorial/build/simulation_launch/build/bdist.linux-x86_64/egg' to it
removing '/home/civil/mcav_autonomy/ros2-ebrake-tutorial/build/simulation_launch/build/bdist.linux-x86_64/egg' (and everything under it)
Invoked command in '/home/civil/mcav_autonomy/ros2-ebrake-tutorial/simulation_launch' returned '0': PYTHONPATH=/home/civil/mcav_autonomy/ros2-ebrake-tutorial/install/simulation_launch/lib/python3.6/site-packages: /usr/bin/python3 setup.py egg_info --egg-base /home/civil/mcav_autonomy/ros2-ebrake-tutorial/build/simulation_launch build --build-base /home/civil/mcav_autonomy/ros2-ebrake-tutorial/build/simulation_launch/build install --prefix /home/civil/mcav_autonomy/ros2-ebrake-tutorial/install/simulation_launch --record /home/civil/mcav_autonomy/ros2-ebrake-tutorial/build/simulation_launch/install.log --single-version-externally-managed bdist_egg --dist-dir /home/civil/mcav_autonomy/ros2-ebrake-tutorial/build/simulation_launch/dist
