[0.137s] DEBUG:colcon:Command line arguments: ['/usr/bin/colcon', 'build']
[0.137s] DEBUG:colcon:Parsed command line arguments: Namespace(ament_cmake_args=None, base_paths=['.'], build_base='build', catkin_cmake_args=None, catkin_skip_building_tests=False, cmake_args=None, cmake_clean_cache=False, cmake_clean_first=False, cmake_force_configure=False, cmake_target=None, cmake_target_skip_unavailable=False, continue_on_error=False, event_handlers=None, executor='parallel', ignore_user_meta=False, install_base='install', log_base=None, log_level=None, main=<bound method BuildVerb.main of <colcon_core.verb.build.BuildVerb object at 0x7f6aa52de2b0>>, merge_install=False, metas=['./colcon.meta'], mixin=None, mixin_files=None, mixin_verb=('build',), packages_above=None, packages_above_and_dependencies=None, packages_above_depth=None, packages_end=None, packages_ignore=None, packages_ignore_regex=None, packages_select=None, packages_select_build_failed=False, packages_select_by_dep=None, packages_select_regex=None, packages_select_test_failures=False, packages_skip=None, packages_skip_build_finished=False, packages_skip_by_dep=None, packages_skip_regex=None, packages_skip_test_passed=False, packages_skip_up_to=None, packages_start=None, packages_up_to=None, packages_up_to_regex=None, parallel_workers=12, paths=None, symlink_install=False, test_result_base=None, verb_extension=<colcon_core.verb.build.BuildVerb object at 0x7f6aa52de2b0>, verb_name='build', verb_parser=<colcon_mixin.mixin.mixin_argument.MixinArgumentDecorator object at 0x7f6aa52de910>)
[0.158s] Level 1:colcon.colcon_core.package_discovery:discover_packages(colcon_meta) check parameters
[0.158s] Level 1:colcon.colcon_core.package_discovery:discover_packages(recursive) check parameters
[0.158s] Level 1:colcon.colcon_core.package_discovery:discover_packages(ignore) check parameters
[0.158s] Level 1:colcon.colcon_core.package_discovery:discover_packages(path) check parameters
[0.158s] Level 1:colcon.colcon_core.package_discovery:discover_packages(colcon_meta) discover
[0.158s] Level 1:colcon.colcon_core.package_discovery:discover_packages(recursive) discover
[0.158s] INFO:colcon.colcon_core.package_discovery:Crawling recursively for packages in '/home/mcav/mcav_ws/src/mcav_autonomy/ros2-ebrake-tutorial'
[0.158s] Level 1:colcon.colcon_core.package_identification:_identify(.) by extensions ['ignore', 'ignore_ament_install']
[0.158s] Level 1:colcon.colcon_core.package_identification:_identify(.) by extension 'ignore'
[0.158s] Level 1:colcon.colcon_core.package_identification:_identify(.) by extension 'ignore_ament_install'
[0.158s] Level 1:colcon.colcon_core.package_identification:_identify(.) by extensions ['colcon_pkg']
[0.158s] Level 1:colcon.colcon_core.package_identification:_identify(.) by extension 'colcon_pkg'
[0.158s] Level 1:colcon.colcon_core.package_identification:_identify(.) by extensions ['colcon_meta']
[0.158s] Level 1:colcon.colcon_core.package_identification:_identify(.) by extension 'colcon_meta'
[0.158s] Level 1:colcon.colcon_core.package_identification:_identify(.) by extensions ['ros']
[0.158s] Level 1:colcon.colcon_core.package_identification:_identify(.) by extension 'ros'
[0.167s] Level 1:colcon.colcon_core.package_identification:_identify(.) by extensions ['cmake', 'python']
[0.167s] Level 1:colcon.colcon_core.package_identification:_identify(.) by extension 'cmake'
[0.167s] Level 1:colcon.colcon_core.package_identification:_identify(.) by extension 'python'
[0.167s] Level 1:colcon.colcon_core.package_identification:_identify(.) by extensions ['python_setup_py']
[0.167s] Level 1:colcon.colcon_core.package_identification:_identify(.) by extension 'python_setup_py'
[0.167s] Level 1:colcon.colcon_core.package_identification:_identify(build) by extensions ['ignore', 'ignore_ament_install']
[0.167s] Level 1:colcon.colcon_core.package_identification:_identify(build) by extension 'ignore'
[0.167s] Level 1:colcon.colcon_core.package_identification:_identify(build) ignored
[0.167s] Level 1:colcon.colcon_core.package_identification:_identify(docker) by extensions ['ignore', 'ignore_ament_install']
[0.167s] Level 1:colcon.colcon_core.package_identification:_identify(docker) by extension 'ignore'
[0.167s] Level 1:colcon.colcon_core.package_identification:_identify(docker) by extension 'ignore_ament_install'
[0.167s] Level 1:colcon.colcon_core.package_identification:_identify(docker) by extensions ['colcon_pkg']
[0.167s] Level 1:colcon.colcon_core.package_identification:_identify(docker) by extension 'colcon_pkg'
[0.167s] Level 1:colcon.colcon_core.package_identification:_identify(docker) by extensions ['colcon_meta']
[0.167s] Level 1:colcon.colcon_core.package_identification:_identify(docker) by extension 'colcon_meta'
[0.167s] Level 1:colcon.colcon_core.package_identification:_identify(docker) by extensions ['ros']
[0.167s] Level 1:colcon.colcon_core.package_identification:_identify(docker) by extension 'ros'
[0.168s] Level 1:colcon.colcon_core.package_identification:_identify(docker) by extensions ['cmake', 'python']
[0.168s] Level 1:colcon.colcon_core.package_identification:_identify(docker) by extension 'cmake'
[0.168s] Level 1:colcon.colcon_core.package_identification:_identify(docker) by extension 'python'
[0.168s] Level 1:colcon.colcon_core.package_identification:_identify(docker) by extensions ['python_setup_py']
[0.168s] Level 1:colcon.colcon_core.package_identification:_identify(docker) by extension 'python_setup_py'
[0.168s] Level 1:colcon.colcon_core.package_identification:_identify(install) by extensions ['ignore', 'ignore_ament_install']
[0.168s] Level 1:colcon.colcon_core.package_identification:_identify(install) by extension 'ignore'
[0.168s] Level 1:colcon.colcon_core.package_identification:_identify(install) ignored
[0.168s] Level 1:colcon.colcon_core.package_identification:_identify(log) by extensions ['ignore', 'ignore_ament_install']
[0.168s] Level 1:colcon.colcon_core.package_identification:_identify(log) by extension 'ignore'
[0.168s] Level 1:colcon.colcon_core.package_identification:_identify(log) ignored
[0.168s] Level 1:colcon.colcon_core.package_identification:_identify(ros2_tutorial_vedesh) by extensions ['ignore', 'ignore_ament_install']
[0.168s] Level 1:colcon.colcon_core.package_identification:_identify(ros2_tutorial_vedesh) by extension 'ignore'
[0.168s] Level 1:colcon.colcon_core.package_identification:_identify(ros2_tutorial_vedesh) by extension 'ignore_ament_install'
[0.168s] Level 1:colcon.colcon_core.package_identification:_identify(ros2_tutorial_vedesh) by extensions ['colcon_pkg']
[0.168s] Level 1:colcon.colcon_core.package_identification:_identify(ros2_tutorial_vedesh) by extension 'colcon_pkg'
[0.168s] Level 1:colcon.colcon_core.package_identification:_identify(ros2_tutorial_vedesh) by extensions ['colcon_meta']
[0.168s] Level 1:colcon.colcon_core.package_identification:_identify(ros2_tutorial_vedesh) by extension 'colcon_meta'
[0.168s] Level 1:colcon.colcon_core.package_identification:_identify(ros2_tutorial_vedesh) by extensions ['ros']
[0.168s] Level 1:colcon.colcon_core.package_identification:_identify(ros2_tutorial_vedesh) by extension 'ros'
[0.170s] DEBUG:colcon.colcon_core.package_identification:Package 'ros2_tutorial_vedesh' with type 'ros.ament_python' and name 'ros2_tutorial_vedesh'
[0.170s] Level 1:colcon.colcon_core.package_identification:_identify(simulation_launch) by extensions ['ignore', 'ignore_ament_install']
[0.170s] Level 1:colcon.colcon_core.package_identification:_identify(simulation_launch) by extension 'ignore'
[0.170s] Level 1:colcon.colcon_core.package_identification:_identify(simulation_launch) by extension 'ignore_ament_install'
[0.170s] Level 1:colcon.colcon_core.package_identification:_identify(simulation_launch) by extensions ['colcon_pkg']
[0.171s] Level 1:colcon.colcon_core.package_identification:_identify(simulation_launch) by extension 'colcon_pkg'
[0.171s] Level 1:colcon.colcon_core.package_identification:_identify(simulation_launch) by extensions ['colcon_meta']
[0.171s] Level 1:colcon.colcon_core.package_identification:_identify(simulation_launch) by extension 'colcon_meta'
[0.171s] Level 1:colcon.colcon_core.package_identification:_identify(simulation_launch) by extensions ['ros']
[0.171s] Level 1:colcon.colcon_core.package_identification:_identify(simulation_launch) by extension 'ros'
[0.171s] DEBUG:colcon.colcon_core.package_identification:Package 'simulation_launch' with type 'ros.ament_python' and name 'simulation_launch'
[0.171s] Level 1:colcon.colcon_core.package_discovery:discover_packages(recursive) using defaults
[0.171s] Level 1:colcon.colcon_core.package_discovery:discover_packages(ignore) discover
[0.171s] Level 1:colcon.colcon_core.package_discovery:discover_packages(ignore) using defaults
[0.171s] Level 1:colcon.colcon_core.package_discovery:discover_packages(path) discover
[0.171s] Level 1:colcon.colcon_core.package_discovery:discover_packages(path) using defaults
[0.193s] Level 5:colcon.colcon_core.verb:set package 'ros2_tutorial_vedesh' build argument 'cmake_args' from command line to 'None'
[0.193s] Level 5:colcon.colcon_core.verb:set package 'ros2_tutorial_vedesh' build argument 'cmake_target' from command line to 'None'
[0.193s] Level 5:colcon.colcon_core.verb:set package 'ros2_tutorial_vedesh' build argument 'cmake_target_skip_unavailable' from command line to 'False'
[0.193s] Level 5:colcon.colcon_core.verb:set package 'ros2_tutorial_vedesh' build argument 'cmake_clean_cache' from command line to 'False'
[0.194s] Level 5:colcon.colcon_core.verb:set package 'ros2_tutorial_vedesh' build argument 'cmake_clean_first' from command line to 'False'
[0.194s] Level 5:colcon.colcon_core.verb:set package 'ros2_tutorial_vedesh' build argument 'cmake_force_configure' from command line to 'False'
[0.194s] Level 5:colcon.colcon_core.verb:set package 'ros2_tutorial_vedesh' build argument 'ament_cmake_args' from command line to 'None'
[0.194s] Level 5:colcon.colcon_core.verb:set package 'ros2_tutorial_vedesh' build argument 'catkin_cmake_args' from command line to 'None'
[0.194s] Level 5:colcon.colcon_core.verb:set package 'ros2_tutorial_vedesh' build argument 'catkin_skip_building_tests' from command line to 'False'
[0.194s] DEBUG:colcon.colcon_core.verb:Building package 'ros2_tutorial_vedesh' with the following arguments: {'ament_cmake_args': None, 'build_base': '/home/mcav/mcav_ws/src/mcav_autonomy/ros2-ebrake-tutorial/build/ros2_tutorial_vedesh', 'catkin_cmake_args': None, 'catkin_skip_building_tests': False, 'cmake_args': None, 'cmake_clean_cache': False, 'cmake_clean_first': False, 'cmake_force_configure': False, 'cmake_target': None, 'cmake_target_skip_unavailable': False, 'install_base': '/home/mcav/mcav_ws/src/mcav_autonomy/ros2-ebrake-tutorial/install/ros2_tutorial_vedesh', 'merge_install': False, 'path': '/home/mcav/mcav_ws/src/mcav_autonomy/ros2-ebrake-tutorial/ros2_tutorial_vedesh', 'symlink_install': False, 'test_result_base': None}
[0.195s] Level 5:colcon.colcon_core.verb:set package 'simulation_launch' build argument 'cmake_args' from command line to 'None'
[0.195s] Level 5:colcon.colcon_core.verb:set package 'simulation_launch' build argument 'cmake_target' from command line to 'None'
[0.195s] Level 5:colcon.colcon_core.verb:set package 'simulation_launch' build argument 'cmake_target_skip_unavailable' from command line to 'False'
[0.195s] Level 5:colcon.colcon_core.verb:set package 'simulation_launch' build argument 'cmake_clean_cache' from command line to 'False'
[0.195s] Level 5:colcon.colcon_core.verb:set package 'simulation_launch' build argument 'cmake_clean_first' from command line to 'False'
[0.195s] Level 5:colcon.colcon_core.verb:set package 'simulation_launch' build argument 'cmake_force_configure' from command line to 'False'
[0.195s] Level 5:colcon.colcon_core.verb:set package 'simulation_launch' build argument 'ament_cmake_args' from command line to 'None'
[0.195s] Level 5:colcon.colcon_core.verb:set package 'simulation_launch' build argument 'catkin_cmake_args' from command line to 'None'
[0.195s] Level 5:colcon.colcon_core.verb:set package 'simulation_launch' build argument 'catkin_skip_building_tests' from command line to 'False'
[0.195s] DEBUG:colcon.colcon_core.verb:Building package 'simulation_launch' with the following arguments: {'ament_cmake_args': None, 'build_base': '/home/mcav/mcav_ws/src/mcav_autonomy/ros2-ebrake-tutorial/build/simulation_launch', 'catkin_cmake_args': None, 'catkin_skip_building_tests': False, 'cmake_args': None, 'cmake_clean_cache': False, 'cmake_clean_first': False, 'cmake_force_configure': False, 'cmake_target': None, 'cmake_target_skip_unavailable': False, 'install_base': '/home/mcav/mcav_ws/src/mcav_autonomy/ros2-ebrake-tutorial/install/simulation_launch', 'merge_install': False, 'path': '/home/mcav/mcav_ws/src/mcav_autonomy/ros2-ebrake-tutorial/simulation_launch', 'symlink_install': False, 'test_result_base': None}
[0.195s] INFO:colcon.colcon_core.executor:Executing jobs using 'parallel' executor
[0.199s] DEBUG:colcon.colcon_parallel_executor.executor.parallel:run_until_complete
[0.199s] INFO:colcon.colcon_ros.task.ament_python.build:Building ROS package in '/home/mcav/mcav_ws/src/mcav_autonomy/ros2-ebrake-tutorial/ros2_tutorial_vedesh' with build type 'ament_python'
[0.199s] Level 1:colcon.colcon_core.shell:create_environment_hook('ros2_tutorial_vedesh', 'ament_prefix_path')
[0.204s] INFO:colcon.colcon_core.plugin_system:Skipping extension 'colcon_core.shell.bat': Not used on non-Windows systems
[0.204s] INFO:colcon.colcon_core.shell:Creating environment hook '/home/mcav/mcav_ws/src/mcav_autonomy/ros2-ebrake-tutorial/install/ros2_tutorial_vedesh/share/ros2_tutorial_vedesh/hook/ament_prefix_path.ps1'
[0.204s] INFO:colcon.colcon_core.shell:Creating environment descriptor '/home/mcav/mcav_ws/src/mcav_autonomy/ros2-ebrake-tutorial/install/ros2_tutorial_vedesh/share/ros2_tutorial_vedesh/hook/ament_prefix_path.dsv'
[0.205s] INFO:colcon.colcon_core.shell:Creating environment hook '/home/mcav/mcav_ws/src/mcav_autonomy/ros2-ebrake-tutorial/install/ros2_tutorial_vedesh/share/ros2_tutorial_vedesh/hook/ament_prefix_path.sh'
[0.206s] INFO:colcon.colcon_core.shell:Skip shell extension 'powershell' for command environment: Not usable outside of PowerShell
[0.206s] DEBUG:colcon.colcon_core.shell:Skip shell extension 'dsv' for command environment
[0.212s] INFO:colcon.colcon_ros.task.ament_python.build:Building ROS package in '/home/mcav/mcav_ws/src/mcav_autonomy/ros2-ebrake-tutorial/simulation_launch' with build type 'ament_python'
[0.212s] Level 1:colcon.colcon_core.shell:create_environment_hook('simulation_launch', 'ament_prefix_path')
[0.214s] INFO:colcon.colcon_core.shell:Creating environment hook '/home/mcav/mcav_ws/src/mcav_autonomy/ros2-ebrake-tutorial/install/simulation_launch/share/simulation_launch/hook/ament_prefix_path.ps1'
[0.215s] INFO:colcon.colcon_core.shell:Creating environment descriptor '/home/mcav/mcav_ws/src/mcav_autonomy/ros2-ebrake-tutorial/install/simulation_launch/share/simulation_launch/hook/ament_prefix_path.dsv'
[0.215s] INFO:colcon.colcon_core.shell:Creating environment hook '/home/mcav/mcav_ws/src/mcav_autonomy/ros2-ebrake-tutorial/install/simulation_launch/share/simulation_launch/hook/ament_prefix_path.sh'
[0.217s] INFO:colcon.colcon_core.shell:Skip shell extension 'powershell' for command environment: Not usable outside of PowerShell
[0.217s] DEBUG:colcon.colcon_core.shell:Skip shell extension 'dsv' for command environment
[0.501s] DEBUG:colcon.colcon_parallel_executor.executor.parallel:closing loop
[0.501s] DEBUG:colcon.colcon_parallel_executor.executor.parallel:loop closed
[0.501s] DEBUG:colcon.colcon_parallel_executor.executor.parallel:run_until_complete finished with 'Command '['/usr/bin/python3', '-c', "import sys;from setuptools.extern.packaging.specifiers import SpecifierSet;from distutils.core import run_setup;dist = run_setup(    'setup.py', script_args=('--dry-run',), stop_after='config');skip_keys = ('cmdclass', 'distclass', 'ext_modules', 'metadata');data = {    key: value for key, value in dist.__dict__.items()     if (        not key.startswith('_') and         not callable(value) and         key not in skip_keys and         key not in dist.display_option_names    )};data['metadata'] = {    k: v for k, v in dist.metadata.__dict__.items()     if k not in ('license_files', 'provides_extras')};sys.stdout.buffer.write(repr(data).encode('utf-8'))"]' returned non-zero exit status 1.'
[0.501s] DEBUG:colcon.colcon_core.event_reactor:joining thread
[0.513s] INFO:colcon.colcon_core.plugin_system:Skipping extension 'colcon_notification.desktop_notification.notify_send': Could not find 'notify-send'
[0.513s] INFO:colcon.colcon_core.plugin_system:Skipping extension 'colcon_notification.desktop_notification.terminal_notifier': Not used on non-Darwin systems
[0.513s] INFO:colcon.colcon_core.plugin_system:Skipping extension 'colcon_notification.desktop_notification.win32': Not used on non-Windows systems
[0.513s] INFO:colcon.colcon_notification.desktop_notification:Sending desktop notification using 'notify2'
[0.516s] DEBUG:colcon.colcon_notification.desktop_notification.notify2:Failed to initialize notify2: org.freedesktop.DBus.Error.Spawn.ExecFailed: /usr/bin/dbus-launch terminated abnormally without any error message
[0.516s] DEBUG:colcon.colcon_core.event_reactor:joined thread
[0.519s] INFO:colcon.colcon_core.shell:Creating prefix script '/home/mcav/mcav_ws/src/mcav_autonomy/ros2-ebrake-tutorial/install/local_setup.ps1'
[0.521s] INFO:colcon.colcon_core.shell:Creating prefix util module '/home/mcav/mcav_ws/src/mcav_autonomy/ros2-ebrake-tutorial/install/_local_setup_util_ps1.py'
[0.524s] INFO:colcon.colcon_core.shell:Creating prefix chain script '/home/mcav/mcav_ws/src/mcav_autonomy/ros2-ebrake-tutorial/install/setup.ps1'
[0.526s] INFO:colcon.colcon_core.shell:Creating prefix script '/home/mcav/mcav_ws/src/mcav_autonomy/ros2-ebrake-tutorial/install/local_setup.sh'
[0.527s] INFO:colcon.colcon_core.shell:Creating prefix util module '/home/mcav/mcav_ws/src/mcav_autonomy/ros2-ebrake-tutorial/install/_local_setup_util_sh.py'
[0.528s] INFO:colcon.colcon_core.shell:Creating prefix chain script '/home/mcav/mcav_ws/src/mcav_autonomy/ros2-ebrake-tutorial/install/setup.sh'
[0.531s] INFO:colcon.colcon_core.shell:Creating prefix script '/home/mcav/mcav_ws/src/mcav_autonomy/ros2-ebrake-tutorial/install/local_setup.bash'
[0.532s] INFO:colcon.colcon_core.shell:Creating prefix chain script '/home/mcav/mcav_ws/src/mcav_autonomy/ros2-ebrake-tutorial/install/setup.bash'
[0.535s] INFO:colcon.colcon_core.shell:Creating prefix script '/home/mcav/mcav_ws/src/mcav_autonomy/ros2-ebrake-tutorial/install/local_setup.zsh'
[0.535s] INFO:colcon.colcon_core.shell:Creating prefix chain script '/home/mcav/mcav_ws/src/mcav_autonomy/ros2-ebrake-tutorial/install/setup.zsh'
