[1.478s] DEBUG:colcon:Command line arguments: ['/usr/bin/colcon', 'build']
[1.479s] DEBUG:colcon:Parsed command line arguments: Namespace(ament_cmake_args=None, base_paths='.', build_base='build', catkin_cmake_args=None, catkin_skip_building_tests=False, cmake_args=None, cmake_clean_cache=False, cmake_clean_first=False, cmake_force_configure=False, cmake_target=None, cmake_target_skip_unavailable=False, continue_on_error=False, event_handlers=None, executor='parallel', ignore_user_meta=False, install_base='install', log_base='log', log_level=None, main=<bound method BuildVerb.main of <colcon_core.verb.build.BuildVerb object at 0x7f4839c47400>>, merge_install=False, metas='./colcon.meta', packages_above=None, packages_above_depth=None, packages_end=None, packages_ignore=None, packages_ignore_regex=None, packages_select=None, packages_select_build_failed=False, packages_select_by_dep=None, packages_select_regex=None, packages_select_test_failures=False, packages_skip=None, packages_skip_build_finished=False, packages_skip_by_dep=None, packages_skip_regex=None, packages_skip_test_passed=False, packages_skip_up_to=None, packages_start=None, packages_up_to=None, parallel_workers=12, paths=None, symlink_install=False, test_result_base=None, verb_extension=<colcon_core.verb.build.BuildVerb object at 0x7f4839c47400>, verb_name='build', verb_parser=<colcon_defaults.argument_parser.defaults.DefaultArgumentsDecorator object at 0x7f4839c47630>)
[1.829s] Level 1:colcon.colcon_core.package_discovery:discover_packages(colcon_meta) check parameters
[1.830s] Level 1:colcon.colcon_core.package_discovery:discover_packages(recursive) check parameters
[1.830s] Level 1:colcon.colcon_core.package_discovery:discover_packages(ignore) check parameters
[1.831s] Level 1:colcon.colcon_core.package_discovery:discover_packages(path) check parameters
[1.831s] Level 1:colcon.colcon_core.package_discovery:discover_packages(recursive) discover
[1.832s] INFO:colcon.colcon_core.package_discovery:Crawling recursively for packages in '/home/civil/mcav_autonomy/ros2-ebrake-tutorial'
[1.833s] Level 1:colcon.colcon_core.package_identification:_identify(/home/civil/mcav_autonomy/ros2-ebrake-tutorial) by extensions ['ignore', 'ignore_ament_install']
[1.833s] Level 1:colcon.colcon_core.package_identification:_identify(/home/civil/mcav_autonomy/ros2-ebrake-tutorial) by extension 'ignore'
[1.834s] Level 1:colcon.colcon_core.package_identification:_identify(/home/civil/mcav_autonomy/ros2-ebrake-tutorial) by extension 'ignore_ament_install'
[1.834s] Level 1:colcon.colcon_core.package_identification:_identify(/home/civil/mcav_autonomy/ros2-ebrake-tutorial) by extensions ['colcon_pkg']
[1.834s] Level 1:colcon.colcon_core.package_identification:_identify(/home/civil/mcav_autonomy/ros2-ebrake-tutorial) by extension 'colcon_pkg'
[1.835s] Level 1:colcon.colcon_core.package_identification:_identify(/home/civil/mcav_autonomy/ros2-ebrake-tutorial) by extensions ['colcon_meta']
[1.835s] Level 1:colcon.colcon_core.package_identification:_identify(/home/civil/mcav_autonomy/ros2-ebrake-tutorial) by extension 'colcon_meta'
[1.835s] Level 1:colcon.colcon_core.package_identification:_identify(/home/civil/mcav_autonomy/ros2-ebrake-tutorial) by extensions ['ros']
[1.835s] Level 1:colcon.colcon_core.package_identification:_identify(/home/civil/mcav_autonomy/ros2-ebrake-tutorial) by extension 'ros'
[1.917s] Level 1:colcon.colcon_core.package_identification:_identify(/home/civil/mcav_autonomy/ros2-ebrake-tutorial) by extensions ['cmake', 'python']
[1.917s] Level 1:colcon.colcon_core.package_identification:_identify(/home/civil/mcav_autonomy/ros2-ebrake-tutorial) by extension 'cmake'
[1.917s] Level 1:colcon.colcon_core.package_identification:_identify(/home/civil/mcav_autonomy/ros2-ebrake-tutorial) by extension 'python'
[1.918s] Level 1:colcon.colcon_core.package_identification:_identify(/home/civil/mcav_autonomy/ros2-ebrake-tutorial) by extensions ['python_setup_py']
[1.918s] Level 1:colcon.colcon_core.package_identification:_identify(/home/civil/mcav_autonomy/ros2-ebrake-tutorial) by extension 'python_setup_py'
[1.918s] Level 1:colcon.colcon_core.package_identification:_identify(/home/civil/mcav_autonomy/ros2-ebrake-tutorial/build) by extensions ['ignore', 'ignore_ament_install']
[1.918s] Level 1:colcon.colcon_core.package_identification:_identify(/home/civil/mcav_autonomy/ros2-ebrake-tutorial/build) by extension 'ignore'
[1.918s] Level 1:colcon.colcon_core.package_identification:_identify(/home/civil/mcav_autonomy/ros2-ebrake-tutorial/build) ignored
[1.919s] Level 1:colcon.colcon_core.package_identification:_identify(/home/civil/mcav_autonomy/ros2-ebrake-tutorial/docker) by extensions ['ignore', 'ignore_ament_install']
[1.919s] Level 1:colcon.colcon_core.package_identification:_identify(/home/civil/mcav_autonomy/ros2-ebrake-tutorial/docker) by extension 'ignore'
[1.920s] Level 1:colcon.colcon_core.package_identification:_identify(/home/civil/mcav_autonomy/ros2-ebrake-tutorial/docker) by extension 'ignore_ament_install'
[1.920s] Level 1:colcon.colcon_core.package_identification:_identify(/home/civil/mcav_autonomy/ros2-ebrake-tutorial/docker) by extensions ['colcon_pkg']
[1.920s] Level 1:colcon.colcon_core.package_identification:_identify(/home/civil/mcav_autonomy/ros2-ebrake-tutorial/docker) by extension 'colcon_pkg'
[1.920s] Level 1:colcon.colcon_core.package_identification:_identify(/home/civil/mcav_autonomy/ros2-ebrake-tutorial/docker) by extensions ['colcon_meta']
[1.920s] Level 1:colcon.colcon_core.package_identification:_identify(/home/civil/mcav_autonomy/ros2-ebrake-tutorial/docker) by extension 'colcon_meta'
[1.921s] Level 1:colcon.colcon_core.package_identification:_identify(/home/civil/mcav_autonomy/ros2-ebrake-tutorial/docker) by extensions ['ros']
[1.921s] Level 1:colcon.colcon_core.package_identification:_identify(/home/civil/mcav_autonomy/ros2-ebrake-tutorial/docker) by extension 'ros'
[1.921s] Level 1:colcon.colcon_core.package_identification:_identify(/home/civil/mcav_autonomy/ros2-ebrake-tutorial/docker) by extensions ['cmake', 'python']
[1.921s] Level 1:colcon.colcon_core.package_identification:_identify(/home/civil/mcav_autonomy/ros2-ebrake-tutorial/docker) by extension 'cmake'
[1.921s] Level 1:colcon.colcon_core.package_identification:_identify(/home/civil/mcav_autonomy/ros2-ebrake-tutorial/docker) by extension 'python'
[1.921s] Level 1:colcon.colcon_core.package_identification:_identify(/home/civil/mcav_autonomy/ros2-ebrake-tutorial/docker) by extensions ['python_setup_py']
[1.922s] Level 1:colcon.colcon_core.package_identification:_identify(/home/civil/mcav_autonomy/ros2-ebrake-tutorial/docker) by extension 'python_setup_py'
[1.922s] Level 1:colcon.colcon_core.package_identification:_identify(/home/civil/mcav_autonomy/ros2-ebrake-tutorial/install) by extensions ['ignore', 'ignore_ament_install']
[1.922s] Level 1:colcon.colcon_core.package_identification:_identify(/home/civil/mcav_autonomy/ros2-ebrake-tutorial/install) by extension 'ignore'
[1.922s] Level 1:colcon.colcon_core.package_identification:_identify(/home/civil/mcav_autonomy/ros2-ebrake-tutorial/install) ignored
[1.922s] Level 1:colcon.colcon_core.package_identification:_identify(/home/civil/mcav_autonomy/ros2-ebrake-tutorial/log) by extensions ['ignore', 'ignore_ament_install']
[1.923s] Level 1:colcon.colcon_core.package_identification:_identify(/home/civil/mcav_autonomy/ros2-ebrake-tutorial/log) by extension 'ignore'
[1.923s] Level 1:colcon.colcon_core.package_identification:_identify(/home/civil/mcav_autonomy/ros2-ebrake-tutorial/log) ignored
[1.923s] Level 1:colcon.colcon_core.package_identification:_identify(/home/civil/mcav_autonomy/ros2-ebrake-tutorial/ros2_tutorial_vedesh) by extensions ['ignore', 'ignore_ament_install']
[1.923s] Level 1:colcon.colcon_core.package_identification:_identify(/home/civil/mcav_autonomy/ros2-ebrake-tutorial/ros2_tutorial_vedesh) by extension 'ignore'
[1.923s] Level 1:colcon.colcon_core.package_identification:_identify(/home/civil/mcav_autonomy/ros2-ebrake-tutorial/ros2_tutorial_vedesh) by extension 'ignore_ament_install'
[1.923s] Level 1:colcon.colcon_core.package_identification:_identify(/home/civil/mcav_autonomy/ros2-ebrake-tutorial/ros2_tutorial_vedesh) by extensions ['colcon_pkg']
[1.924s] Level 1:colcon.colcon_core.package_identification:_identify(/home/civil/mcav_autonomy/ros2-ebrake-tutorial/ros2_tutorial_vedesh) by extension 'colcon_pkg'
[1.924s] Level 1:colcon.colcon_core.package_identification:_identify(/home/civil/mcav_autonomy/ros2-ebrake-tutorial/ros2_tutorial_vedesh) by extensions ['colcon_meta']
[1.924s] Level 1:colcon.colcon_core.package_identification:_identify(/home/civil/mcav_autonomy/ros2-ebrake-tutorial/ros2_tutorial_vedesh) by extension 'colcon_meta'
[1.924s] Level 1:colcon.colcon_core.package_identification:_identify(/home/civil/mcav_autonomy/ros2-ebrake-tutorial/ros2_tutorial_vedesh) by extensions ['ros']
[1.924s] Level 1:colcon.colcon_core.package_identification:_identify(/home/civil/mcav_autonomy/ros2-ebrake-tutorial/ros2_tutorial_vedesh) by extension 'ros'
[1.934s] DEBUG:colcon.colcon_core.package_identification:Package '/home/civil/mcav_autonomy/ros2-ebrake-tutorial/ros2_tutorial_vedesh' with type 'ros.ament_python' and name 'ros2_tutorial_vedesh'
[1.934s] Level 1:colcon.colcon_core.package_identification:_identify(/home/civil/mcav_autonomy/ros2-ebrake-tutorial/simulation_launch) by extensions ['ignore', 'ignore_ament_install']
[1.934s] Level 1:colcon.colcon_core.package_identification:_identify(/home/civil/mcav_autonomy/ros2-ebrake-tutorial/simulation_launch) by extension 'ignore'
[1.934s] Level 1:colcon.colcon_core.package_identification:_identify(/home/civil/mcav_autonomy/ros2-ebrake-tutorial/simulation_launch) by extension 'ignore_ament_install'
[1.934s] Level 1:colcon.colcon_core.package_identification:_identify(/home/civil/mcav_autonomy/ros2-ebrake-tutorial/simulation_launch) by extensions ['colcon_pkg']
[1.934s] Level 1:colcon.colcon_core.package_identification:_identify(/home/civil/mcav_autonomy/ros2-ebrake-tutorial/simulation_launch) by extension 'colcon_pkg'
[1.934s] Level 1:colcon.colcon_core.package_identification:_identify(/home/civil/mcav_autonomy/ros2-ebrake-tutorial/simulation_launch) by extensions ['colcon_meta']
[1.934s] Level 1:colcon.colcon_core.package_identification:_identify(/home/civil/mcav_autonomy/ros2-ebrake-tutorial/simulation_launch) by extension 'colcon_meta'
[1.934s] Level 1:colcon.colcon_core.package_identification:_identify(/home/civil/mcav_autonomy/ros2-ebrake-tutorial/simulation_launch) by extensions ['ros']
[1.934s] Level 1:colcon.colcon_core.package_identification:_identify(/home/civil/mcav_autonomy/ros2-ebrake-tutorial/simulation_launch) by extension 'ros'
[1.935s] DEBUG:colcon.colcon_core.package_identification:Package '/home/civil/mcav_autonomy/ros2-ebrake-tutorial/simulation_launch' with type 'ros.ament_python' and name 'simulation_launch'
[1.935s] Level 1:colcon.colcon_core.package_discovery:discover_packages(recursive) using defaults
[1.953s] Level 5:colcon.colcon_core.verb:set package 'ros2_tutorial_vedesh' build argument 'cmake_args' from command line to 'None'
[1.953s] Level 5:colcon.colcon_core.verb:set package 'ros2_tutorial_vedesh' build argument 'cmake_target' from command line to 'None'
[1.953s] Level 5:colcon.colcon_core.verb:set package 'ros2_tutorial_vedesh' build argument 'cmake_target_skip_unavailable' from command line to 'False'
[1.953s] Level 5:colcon.colcon_core.verb:set package 'ros2_tutorial_vedesh' build argument 'cmake_clean_cache' from command line to 'False'
[1.953s] Level 5:colcon.colcon_core.verb:set package 'ros2_tutorial_vedesh' build argument 'cmake_clean_first' from command line to 'False'
[1.953s] Level 5:colcon.colcon_core.verb:set package 'ros2_tutorial_vedesh' build argument 'cmake_force_configure' from command line to 'False'
[1.953s] Level 5:colcon.colcon_core.verb:set package 'ros2_tutorial_vedesh' build argument 'ament_cmake_args' from command line to 'None'
[1.953s] Level 5:colcon.colcon_core.verb:set package 'ros2_tutorial_vedesh' build argument 'catkin_cmake_args' from command line to 'None'
[1.953s] Level 5:colcon.colcon_core.verb:set package 'ros2_tutorial_vedesh' build argument 'catkin_skip_building_tests' from command line to 'False'
[1.953s] DEBUG:colcon.colcon_core.verb:Building package 'ros2_tutorial_vedesh' with the following arguments: {'ament_cmake_args': None, 'build_base': '/home/civil/mcav_autonomy/ros2-ebrake-tutorial/build/ros2_tutorial_vedesh', 'catkin_cmake_args': None, 'catkin_skip_building_tests': False, 'cmake_args': None, 'cmake_clean_cache': False, 'cmake_clean_first': False, 'cmake_force_configure': False, 'cmake_target': None, 'cmake_target_skip_unavailable': False, 'install_base': '/home/civil/mcav_autonomy/ros2-ebrake-tutorial/install/ros2_tutorial_vedesh', 'merge_install': False, 'path': '/home/civil/mcav_autonomy/ros2-ebrake-tutorial/ros2_tutorial_vedesh', 'symlink_install': False, 'test_result_base': None}
[1.955s] Level 5:colcon.colcon_core.verb:set package 'simulation_launch' build argument 'cmake_args' from command line to 'None'
[1.955s] Level 5:colcon.colcon_core.verb:set package 'simulation_launch' build argument 'cmake_target' from command line to 'None'
[1.955s] Level 5:colcon.colcon_core.verb:set package 'simulation_launch' build argument 'cmake_target_skip_unavailable' from command line to 'False'
[1.955s] Level 5:colcon.colcon_core.verb:set package 'simulation_launch' build argument 'cmake_clean_cache' from command line to 'False'
[1.955s] Level 5:colcon.colcon_core.verb:set package 'simulation_launch' build argument 'cmake_clean_first' from command line to 'False'
[1.955s] Level 5:colcon.colcon_core.verb:set package 'simulation_launch' build argument 'cmake_force_configure' from command line to 'False'
[1.955s] Level 5:colcon.colcon_core.verb:set package 'simulation_launch' build argument 'ament_cmake_args' from command line to 'None'
[1.955s] Level 5:colcon.colcon_core.verb:set package 'simulation_launch' build argument 'catkin_cmake_args' from command line to 'None'
[1.955s] Level 5:colcon.colcon_core.verb:set package 'simulation_launch' build argument 'catkin_skip_building_tests' from command line to 'False'
[1.955s] DEBUG:colcon.colcon_core.verb:Building package 'simulation_launch' with the following arguments: {'ament_cmake_args': None, 'build_base': '/home/civil/mcav_autonomy/ros2-ebrake-tutorial/build/simulation_launch', 'catkin_cmake_args': None, 'catkin_skip_building_tests': False, 'cmake_args': None, 'cmake_clean_cache': False, 'cmake_clean_first': False, 'cmake_force_configure': False, 'cmake_target': None, 'cmake_target_skip_unavailable': False, 'install_base': '/home/civil/mcav_autonomy/ros2-ebrake-tutorial/install/simulation_launch', 'merge_install': False, 'path': '/home/civil/mcav_autonomy/ros2-ebrake-tutorial/simulation_launch', 'symlink_install': False, 'test_result_base': None}
[1.956s] INFO:colcon.colcon_core.executor:Executing jobs using 'parallel' executor
[1.956s] DEBUG:colcon.colcon_parallel_executor.executor.parallel:run_until_complete
[1.956s] INFO:colcon.colcon_ros.task.ament_python.build:Building ROS package in '/home/civil/mcav_autonomy/ros2-ebrake-tutorial/ros2_tutorial_vedesh' with build type 'ament_python'
[1.956s] Level 1:colcon.colcon_core.shell:create_environment_hook('ros2_tutorial_vedesh', 'ament_prefix_path')
[2.004s] INFO:colcon.colcon_core.plugin_system:Skipping extension 'colcon_core.shell.bat': Not used on non-Windows systems
[2.004s] INFO:colcon.colcon_core.shell:Creating environment hook '/home/civil/mcav_autonomy/ros2-ebrake-tutorial/install/ros2_tutorial_vedesh/share/ros2_tutorial_vedesh/hook/ament_prefix_path.ps1'
[2.022s] INFO:colcon.colcon_core.shell:Creating environment descriptor '/home/civil/mcav_autonomy/ros2-ebrake-tutorial/install/ros2_tutorial_vedesh/share/ros2_tutorial_vedesh/hook/ament_prefix_path.dsv'
[2.023s] INFO:colcon.colcon_core.shell:Creating environment hook '/home/civil/mcav_autonomy/ros2-ebrake-tutorial/install/ros2_tutorial_vedesh/share/ros2_tutorial_vedesh/hook/ament_prefix_path.sh'
[2.024s] INFO:colcon.colcon_core.task.python.build:Building Python package in '/home/civil/mcav_autonomy/ros2-ebrake-tutorial/ros2_tutorial_vedesh'
[2.025s] INFO:colcon.colcon_core.shell:Skip shell extension 'powershell' for command environment: Not usable outside of PowerShell
[2.025s] DEBUG:colcon.colcon_core.shell:Skip shell extension 'dsv' for command environment
[2.047s] INFO:colcon.colcon_ros.task.ament_python.build:Building ROS package in '/home/civil/mcav_autonomy/ros2-ebrake-tutorial/simulation_launch' with build type 'ament_python'
[2.048s] Level 1:colcon.colcon_core.shell:create_environment_hook('simulation_launch', 'ament_prefix_path')
[2.049s] INFO:colcon.colcon_core.shell:Creating environment hook '/home/civil/mcav_autonomy/ros2-ebrake-tutorial/install/simulation_launch/share/simulation_launch/hook/ament_prefix_path.ps1'
[2.051s] INFO:colcon.colcon_core.shell:Creating environment descriptor '/home/civil/mcav_autonomy/ros2-ebrake-tutorial/install/simulation_launch/share/simulation_launch/hook/ament_prefix_path.dsv'
[2.051s] INFO:colcon.colcon_core.shell:Creating environment hook '/home/civil/mcav_autonomy/ros2-ebrake-tutorial/install/simulation_launch/share/simulation_launch/hook/ament_prefix_path.sh'
[2.052s] INFO:colcon.colcon_core.task.python.build:Building Python package in '/home/civil/mcav_autonomy/ros2-ebrake-tutorial/simulation_launch'
[2.053s] INFO:colcon.colcon_core.shell:Skip shell extension 'powershell' for command environment: Not usable outside of PowerShell
[2.053s] DEBUG:colcon.colcon_core.shell:Skip shell extension 'dsv' for command environment
[2.259s] DEBUG:colcon.colcon_core.event_handler.log_command:Invoking command in '/home/civil/mcav_autonomy/ros2-ebrake-tutorial/ros2_tutorial_vedesh': PYTHONPATH=/home/civil/mcav_autonomy/ros2-ebrake-tutorial/install/ros2_tutorial_vedesh/lib/python3.6/site-packages: /usr/bin/python3 setup.py egg_info --egg-base /home/civil/mcav_autonomy/ros2-ebrake-tutorial/build/ros2_tutorial_vedesh build --build-base /home/civil/mcav_autonomy/ros2-ebrake-tutorial/build/ros2_tutorial_vedesh/build install --prefix /home/civil/mcav_autonomy/ros2-ebrake-tutorial/install/ros2_tutorial_vedesh --record /home/civil/mcav_autonomy/ros2-ebrake-tutorial/build/ros2_tutorial_vedesh/install.log --single-version-externally-managed bdist_egg --dist-dir /home/civil/mcav_autonomy/ros2-ebrake-tutorial/build/ros2_tutorial_vedesh/dist
[2.521s] DEBUG:colcon.colcon_core.event_handler.log_command:Invoking command in '/home/civil/mcav_autonomy/ros2-ebrake-tutorial/simulation_launch': PYTHONPATH=/home/civil/mcav_autonomy/ros2-ebrake-tutorial/install/simulation_launch/lib/python3.6/site-packages: /usr/bin/python3 setup.py egg_info --egg-base /home/civil/mcav_autonomy/ros2-ebrake-tutorial/build/simulation_launch build --build-base /home/civil/mcav_autonomy/ros2-ebrake-tutorial/build/simulation_launch/build install --prefix /home/civil/mcav_autonomy/ros2-ebrake-tutorial/install/simulation_launch --record /home/civil/mcav_autonomy/ros2-ebrake-tutorial/build/simulation_launch/install.log --single-version-externally-managed bdist_egg --dist-dir /home/civil/mcav_autonomy/ros2-ebrake-tutorial/build/simulation_launch/dist
[2.713s] DEBUG:colcon.colcon_core.event_handler.log_command:Invoked command in '/home/civil/mcav_autonomy/ros2-ebrake-tutorial/ros2_tutorial_vedesh' returned '0': PYTHONPATH=/home/civil/mcav_autonomy/ros2-ebrake-tutorial/install/ros2_tutorial_vedesh/lib/python3.6/site-packages: /usr/bin/python3 setup.py egg_info --egg-base /home/civil/mcav_autonomy/ros2-ebrake-tutorial/build/ros2_tutorial_vedesh build --build-base /home/civil/mcav_autonomy/ros2-ebrake-tutorial/build/ros2_tutorial_vedesh/build install --prefix /home/civil/mcav_autonomy/ros2-ebrake-tutorial/install/ros2_tutorial_vedesh --record /home/civil/mcav_autonomy/ros2-ebrake-tutorial/build/ros2_tutorial_vedesh/install.log --single-version-externally-managed bdist_egg --dist-dir /home/civil/mcav_autonomy/ros2-ebrake-tutorial/build/ros2_tutorial_vedesh/dist
[2.781s] Level 1:colcon.colcon_core.environment:checking '/home/civil/mcav_autonomy/ros2-ebrake-tutorial/install/ros2_tutorial_vedesh' for CMake module files
[2.783s] Level 1:colcon.colcon_core.environment:checking '/home/civil/mcav_autonomy/ros2-ebrake-tutorial/install/ros2_tutorial_vedesh' for CMake config files
[2.785s] Level 1:colcon.colcon_core.environment:checking '/home/civil/mcav_autonomy/ros2-ebrake-tutorial/install/ros2_tutorial_vedesh/lib'
[2.785s] Level 1:colcon.colcon_core.environment:checking '/home/civil/mcav_autonomy/ros2-ebrake-tutorial/install/ros2_tutorial_vedesh/bin'
[2.785s] Level 1:colcon.colcon_core.environment:checking '/home/civil/mcav_autonomy/ros2-ebrake-tutorial/install/ros2_tutorial_vedesh/lib/pkgconfig/ros2_tutorial_vedesh.pc'
[2.785s] Level 1:colcon.colcon_core.environment:checking '/home/civil/mcav_autonomy/ros2-ebrake-tutorial/install/ros2_tutorial_vedesh/lib/python3.6/site-packages'
[2.786s] Level 1:colcon.colcon_core.shell:create_environment_hook('ros2_tutorial_vedesh', 'pythonpath')
[2.786s] INFO:colcon.colcon_core.shell:Creating environment hook '/home/civil/mcav_autonomy/ros2-ebrake-tutorial/install/ros2_tutorial_vedesh/share/ros2_tutorial_vedesh/hook/pythonpath.ps1'
[2.786s] INFO:colcon.colcon_core.shell:Creating environment descriptor '/home/civil/mcav_autonomy/ros2-ebrake-tutorial/install/ros2_tutorial_vedesh/share/ros2_tutorial_vedesh/hook/pythonpath.dsv'
[2.787s] INFO:colcon.colcon_core.shell:Creating environment hook '/home/civil/mcav_autonomy/ros2-ebrake-tutorial/install/ros2_tutorial_vedesh/share/ros2_tutorial_vedesh/hook/pythonpath.sh'
[2.787s] Level 1:colcon.colcon_core.environment:create_environment_scripts_only(ros2_tutorial_vedesh)
[2.787s] INFO:colcon.colcon_core.shell:Creating package script '/home/civil/mcav_autonomy/ros2-ebrake-tutorial/install/ros2_tutorial_vedesh/share/ros2_tutorial_vedesh/package.ps1'
[2.806s] INFO:colcon.colcon_core.shell:Creating package descriptor '/home/civil/mcav_autonomy/ros2-ebrake-tutorial/install/ros2_tutorial_vedesh/share/ros2_tutorial_vedesh/package.dsv'
[2.825s] INFO:colcon.colcon_core.shell:Creating package script '/home/civil/mcav_autonomy/ros2-ebrake-tutorial/install/ros2_tutorial_vedesh/share/ros2_tutorial_vedesh/package.sh'
[2.826s] INFO:colcon.colcon_core.shell:Creating package script '/home/civil/mcav_autonomy/ros2-ebrake-tutorial/install/ros2_tutorial_vedesh/share/ros2_tutorial_vedesh/package.bash'
[2.828s] INFO:colcon.colcon_core.shell:Creating package script '/home/civil/mcav_autonomy/ros2-ebrake-tutorial/install/ros2_tutorial_vedesh/share/ros2_tutorial_vedesh/package.zsh'
[2.844s] Level 1:colcon.colcon_core.environment:create_file_with_runtime_dependencies(/home/civil/mcav_autonomy/ros2-ebrake-tutorial/install/ros2_tutorial_vedesh/share/colcon-core/packages/ros2_tutorial_vedesh)
[2.848s] Level 1:colcon.colcon_core.environment:checking '/home/civil/mcav_autonomy/ros2-ebrake-tutorial/install/simulation_launch' for CMake module files
[2.849s] DEBUG:colcon.colcon_core.event_handler.log_command:Invoked command in '/home/civil/mcav_autonomy/ros2-ebrake-tutorial/simulation_launch' returned '0': PYTHONPATH=/home/civil/mcav_autonomy/ros2-ebrake-tutorial/install/simulation_launch/lib/python3.6/site-packages: /usr/bin/python3 setup.py egg_info --egg-base /home/civil/mcav_autonomy/ros2-ebrake-tutorial/build/simulation_launch build --build-base /home/civil/mcav_autonomy/ros2-ebrake-tutorial/build/simulation_launch/build install --prefix /home/civil/mcav_autonomy/ros2-ebrake-tutorial/install/simulation_launch --record /home/civil/mcav_autonomy/ros2-ebrake-tutorial/build/simulation_launch/install.log --single-version-externally-managed bdist_egg --dist-dir /home/civil/mcav_autonomy/ros2-ebrake-tutorial/build/simulation_launch/dist
[2.849s] Level 1:colcon.colcon_core.environment:checking '/home/civil/mcav_autonomy/ros2-ebrake-tutorial/install/simulation_launch' for CMake config files
[2.851s] Level 1:colcon.colcon_core.environment:checking '/home/civil/mcav_autonomy/ros2-ebrake-tutorial/install/simulation_launch/lib'
[2.852s] Level 1:colcon.colcon_core.environment:checking '/home/civil/mcav_autonomy/ros2-ebrake-tutorial/install/simulation_launch/bin'
[2.852s] Level 1:colcon.colcon_core.environment:checking '/home/civil/mcav_autonomy/ros2-ebrake-tutorial/install/simulation_launch/lib/pkgconfig/simulation_launch.pc'
[2.852s] Level 1:colcon.colcon_core.environment:checking '/home/civil/mcav_autonomy/ros2-ebrake-tutorial/install/simulation_launch/lib/python3.6/site-packages'
[2.852s] Level 1:colcon.colcon_core.shell:create_environment_hook('simulation_launch', 'pythonpath')
[2.853s] INFO:colcon.colcon_core.shell:Creating environment hook '/home/civil/mcav_autonomy/ros2-ebrake-tutorial/install/simulation_launch/share/simulation_launch/hook/pythonpath.ps1'
[2.854s] INFO:colcon.colcon_core.shell:Creating environment descriptor '/home/civil/mcav_autonomy/ros2-ebrake-tutorial/install/simulation_launch/share/simulation_launch/hook/pythonpath.dsv'
[2.855s] INFO:colcon.colcon_core.shell:Creating environment hook '/home/civil/mcav_autonomy/ros2-ebrake-tutorial/install/simulation_launch/share/simulation_launch/hook/pythonpath.sh'
[2.855s] Level 1:colcon.colcon_core.environment:create_environment_scripts_only(simulation_launch)
[2.857s] INFO:colcon.colcon_core.shell:Creating package script '/home/civil/mcav_autonomy/ros2-ebrake-tutorial/install/simulation_launch/share/simulation_launch/package.ps1'
[2.858s] INFO:colcon.colcon_core.shell:Creating package descriptor '/home/civil/mcav_autonomy/ros2-ebrake-tutorial/install/simulation_launch/share/simulation_launch/package.dsv'
[2.859s] INFO:colcon.colcon_core.shell:Creating package script '/home/civil/mcav_autonomy/ros2-ebrake-tutorial/install/simulation_launch/share/simulation_launch/package.sh'
[2.860s] INFO:colcon.colcon_core.shell:Creating package script '/home/civil/mcav_autonomy/ros2-ebrake-tutorial/install/simulation_launch/share/simulation_launch/package.bash'
[2.861s] INFO:colcon.colcon_core.shell:Creating package script '/home/civil/mcav_autonomy/ros2-ebrake-tutorial/install/simulation_launch/share/simulation_launch/package.zsh'
[2.861s] Level 1:colcon.colcon_core.environment:create_file_with_runtime_dependencies(/home/civil/mcav_autonomy/ros2-ebrake-tutorial/install/simulation_launch/share/colcon-core/packages/simulation_launch)
[2.862s] DEBUG:colcon.colcon_parallel_executor.executor.parallel:closing loop
[2.863s] DEBUG:colcon.colcon_parallel_executor.executor.parallel:loop closed
[2.863s] DEBUG:colcon.colcon_parallel_executor.executor.parallel:run_until_complete finished with '0'
[2.863s] DEBUG:colcon.colcon_core.event_reactor:joining thread
[2.900s] INFO:colcon.colcon_core.plugin_system:Skipping extension 'colcon_notification.desktop_notification.terminal_notifier': Not used on non-Darwin systems
[2.900s] INFO:colcon.colcon_core.plugin_system:Skipping extension 'colcon_notification.desktop_notification.win32': Not used on non-Windows systems
[2.900s] INFO:colcon.colcon_notification.desktop_notification:Sending desktop notification using 'notify2'
[2.905s] DEBUG:colcon.colcon_core.event_reactor:joined thread
[2.908s] INFO:colcon.colcon_core.shell:Creating prefix script '/home/civil/mcav_autonomy/ros2-ebrake-tutorial/install/local_setup.ps1'
[2.936s] INFO:colcon.colcon_core.shell:Creating prefix chain script '/home/civil/mcav_autonomy/ros2-ebrake-tutorial/install/setup.ps1'
[2.956s] INFO:colcon.colcon_core.shell:Creating prefix script '/home/civil/mcav_autonomy/ros2-ebrake-tutorial/install/local_setup.sh'
[2.967s] INFO:colcon.colcon_core.shell:Creating prefix util module '/home/civil/mcav_autonomy/ros2-ebrake-tutorial/install/_local_setup_util_sh.py'
[2.969s] INFO:colcon.colcon_core.shell:Creating prefix chain script '/home/civil/mcav_autonomy/ros2-ebrake-tutorial/install/setup.sh'
[2.972s] INFO:colcon.colcon_core.shell:Creating prefix script '/home/civil/mcav_autonomy/ros2-ebrake-tutorial/install/local_setup.bash'
[2.973s] INFO:colcon.colcon_core.shell:Creating prefix chain script '/home/civil/mcav_autonomy/ros2-ebrake-tutorial/install/setup.bash'
[2.975s] INFO:colcon.colcon_core.shell:Creating prefix script '/home/civil/mcav_autonomy/ros2-ebrake-tutorial/install/local_setup.zsh'
[2.984s] INFO:colcon.colcon_core.shell:Creating prefix chain script '/home/civil/mcav_autonomy/ros2-ebrake-tutorial/install/setup.zsh'
