running egg_info
writing ../build/simulation_launch/simulation_launch.egg-info/PKG-INFO
writing dependency_links to ../build/simulation_launch/simulation_launch.egg-info/dependency_links.txt
writing entry points to ../build/simulation_launch/simulation_launch.egg-info/entry_points.txt
writing requirements to ../build/simulation_launch/simulation_launch.egg-info/requires.txt
writing top-level names to ../build/simulation_launch/simulation_launch.egg-info/top_level.txt
reading manifest file '../build/simulation_launch/simulation_launch.egg-info/SOURCES.txt'
writing manifest file '../build/simulation_launch/simulation_launch.egg-info/SOURCES.txt'
running build
running build_py
running install
running install_lib
creating /home/mcav/mcav_ws/src/mcav_autonomy/ros2-ebrake-tutorial/install/simulation_launch/lib/python3.8/site-packages/simulation_launch
copying /home/mcav/mcav_ws/src/mcav_autonomy/ros2-ebrake-tutorial/build/simulation_launch/build/lib/simulation_launch/__init__.py -> /home/mcav/mcav_ws/src/mcav_autonomy/ros2-ebrake-tutorial/install/simulation_launch/lib/python3.8/site-packages/simulation_launch
byte-compiling /home/mcav/mcav_ws/src/mcav_autonomy/ros2-ebrake-tutorial/install/simulation_launch/lib/python3.8/site-packages/simulation_launch/__init__.py to __init__.cpython-38.pyc
running install_data
running install_egg_info
Copying ../build/simulation_launch/simulation_launch.egg-info to /home/mcav/mcav_ws/src/mcav_autonomy/ros2-ebrake-tutorial/install/simulation_launch/lib/python3.8/site-packages/simulation_launch-0.0.0-py3.8.egg-info
running install_scripts
writing list of installed files to '/home/mcav/mcav_ws/src/mcav_autonomy/ros2-ebrake-tutorial/build/simulation_launch/install.log'
