[0.809s] Invoking command in '/home/mcav/mcav_ws/src/mcav_autonomy/ros2-ebrake-tutorial/simulation_launch': PS1=\[]0;\u@docker: \w\]\[[01;32m\]\u@docker\[[00m\]:\[[01;34m\]\w\[[00m\]$ PYTHONPATH=/home/mcav/mcav_ws/src/mcav_autonomy/ros2-ebrake-tutorial/install/simulation_launch/lib/python3.8/site-packages:${PYTHONPATH} /usr/bin/python3 setup.py egg_info --egg-base ../build/simulation_launch build --build-base /home/mcav/mcav_ws/src/mcav_autonomy/ros2-ebrake-tutorial/build/simulation_launch/build install --prefix /home/mcav/mcav_ws/src/mcav_autonomy/ros2-ebrake-tutorial/install/simulation_launch --record /home/mcav/mcav_ws/src/mcav_autonomy/ros2-ebrake-tutorial/build/simulation_launch/install.log --single-version-externally-managed
[1.033s] running egg_info
[1.033s] writing ../build/simulation_launch/simulation_launch.egg-info/PKG-INFO
[1.034s] writing dependency_links to ../build/simulation_launch/simulation_launch.egg-info/dependency_links.txt
[1.034s] writing entry points to ../build/simulation_launch/simulation_launch.egg-info/entry_points.txt
[1.034s] writing requirements to ../build/simulation_launch/simulation_launch.egg-info/requires.txt
[1.034s] writing top-level names to ../build/simulation_launch/simulation_launch.egg-info/top_level.txt
[1.074s] reading manifest file '../build/simulation_launch/simulation_launch.egg-info/SOURCES.txt'
[1.074s] writing manifest file '../build/simulation_launch/simulation_launch.egg-info/SOURCES.txt'
[1.074s] running build
[1.075s] running build_py
[1.075s] running install
[1.075s] running install_lib
[1.077s] creating /home/mcav/mcav_ws/src/mcav_autonomy/ros2-ebrake-tutorial/install/simulation_launch/lib/python3.8/site-packages/simulation_launch
[1.077s] copying /home/mcav/mcav_ws/src/mcav_autonomy/ros2-ebrake-tutorial/build/simulation_launch/build/lib/simulation_launch/__init__.py -> /home/mcav/mcav_ws/src/mcav_autonomy/ros2-ebrake-tutorial/install/simulation_launch/lib/python3.8/site-packages/simulation_launch
[1.078s] byte-compiling /home/mcav/mcav_ws/src/mcav_autonomy/ros2-ebrake-tutorial/install/simulation_launch/lib/python3.8/site-packages/simulation_launch/__init__.py to __init__.cpython-38.pyc
[1.078s] running install_data
[1.078s] running install_egg_info
[1.080s] Copying ../build/simulation_launch/simulation_launch.egg-info to /home/mcav/mcav_ws/src/mcav_autonomy/ros2-ebrake-tutorial/install/simulation_launch/lib/python3.8/site-packages/simulation_launch-0.0.0-py3.8.egg-info
[1.081s] running install_scripts
[1.097s] writing list of installed files to '/home/mcav/mcav_ws/src/mcav_autonomy/ros2-ebrake-tutorial/build/simulation_launch/install.log'
[1.115s] Invoked command in '/home/mcav/mcav_ws/src/mcav_autonomy/ros2-ebrake-tutorial/simulation_launch' returned '0': PS1=\[]0;\u@docker: \w\]\[[01;32m\]\u@docker\[[00m\]:\[[01;34m\]\w\[[00m\]$ PYTHONPATH=/home/mcav/mcav_ws/src/mcav_autonomy/ros2-ebrake-tutorial/install/simulation_launch/lib/python3.8/site-packages:${PYTHONPATH} /usr/bin/python3 setup.py egg_info --egg-base ../build/simulation_launch build --build-base /home/mcav/mcav_ws/src/mcav_autonomy/ros2-ebrake-tutorial/build/simulation_launch/build install --prefix /home/mcav/mcav_ws/src/mcav_autonomy/ros2-ebrake-tutorial/install/simulation_launch --record /home/mcav/mcav_ws/src/mcav_autonomy/ros2-ebrake-tutorial/build/simulation_launch/install.log --single-version-externally-managed
